[2m2021-01-20 10:08:28.273[0;39m [32m INFO[0;39m [35m14064[0;39m [2m---[0;39m [2m[           main][0;39m [36mi.g.j.c.ClientServerApplication         [0;39m [2m:[0;39m Starting ClientServerApplication using Java 15.0.1 on CHT020003 with PID 14064 (D:\IdeaProjects\spring-admin-demo\client-server\target\classes started by jone.sun in D:\IdeaProjects\spring-admin-demo)
[2m2021-01-20 10:08:28.281[0;39m [32m INFO[0;39m [35m14064[0;39m [2m---[0;39m [2m[           main][0;39m [36mi.g.j.c.ClientServerApplication         [0;39m [2m:[0;39m No active profile set, falling back to default profiles: default
[2m2021-01-20 10:08:28.980[0;39m [32m INFO[0;39m [35m14064[0;39m [2m---[0;39m [2m[           main][0;39m [36mo.s.b.w.embedded.tomcat.TomcatWebServer [0;39m [2m:[0;39m Tomcat initialized with port(s): 8002 (http)
[2m2021-01-20 10:08:28.985[0;39m [32m INFO[0;39m [35m14064[0;39m [2m---[0;39m [2m[           main][0;39m [36mo.apache.catalina.core.StandardService  [0;39m [2m:[0;39m Starting service [Tomcat]
[2m2021-01-20 10:08:28.986[0;39m [32m INFO[0;39m [35m14064[0;39m [2m---[0;39m [2m[           main][0;39m [36morg.apache.catalina.core.StandardEngine [0;39m [2m:[0;39m Starting Servlet engine: [Apache Tomcat/9.0.41]
[2m2021-01-20 10:08:29.038[0;39m [32m INFO[0;39m [35m14064[0;39m [2m---[0;39m [2m[           main][0;39m [36mo.a.c.c.C.[.[.[/client-server]          [0;39m [2m:[0;39m Initializing Spring embedded WebApplicationContext
[2m2021-01-20 10:08:29.038[0;39m [32m INFO[0;39m [35m14064[0;39m [2m---[0;39m [2m[           main][0;39m [36mw.s.c.ServletWebServerApplicationContext[0;39m [2m:[0;39m Root WebApplicationContext: initialization completed in 728 ms
[2m2021-01-20 10:08:29.196[0;39m [32m INFO[0;39m [35m14064[0;39m [2m---[0;39m [2m[           main][0;39m [36mo.s.s.concurrent.ThreadPoolTaskExecutor [0;39m [2m:[0;39m Initializing ExecutorService 'applicationTaskExecutor'
[2m2021-01-20 10:08:29.370[0;39m [32m INFO[0;39m [35m14064[0;39m [2m---[0;39m [2m[           main][0;39m [36mo.s.s.c.ThreadPoolTaskScheduler         [0;39m [2m:[0;39m Initializing ExecutorService
[2m2021-01-20 10:08:29.401[0;39m [32m INFO[0;39m [35m14064[0;39m [2m---[0;39m [2m[           main][0;39m [36mo.s.b.a.e.web.EndpointLinksResolver     [0;39m [2m:[0;39m Exposing 12 endpoint(s) beneath base path '/actuator'
[2m2021-01-20 10:08:29.444[0;39m [32m INFO[0;39m [35m14064[0;39m [2m---[0;39m [2m[           main][0;39m [36mo.s.b.w.embedded.tomcat.TomcatWebServer [0;39m [2m:[0;39m Tomcat started on port(s): 8002 (http) with context path '/client-server'
[2m2021-01-20 10:08:29.455[0;39m [32m INFO[0;39m [35m14064[0;39m [2m---[0;39m [2m[           main][0;39m [36mi.g.j.c.ClientServerApplication         [0;39m [2m:[0;39m Started ClientServerApplication in 1.457 seconds (JVM running for 1.966)
[2m2021-01-20 10:08:30.177[0;39m [32m INFO[0;39m [35m14064[0;39m [2m---[0;39m [2m[gistrationTask1][0;39m [36md.c.b.a.c.r.ApplicationRegistrator      [0;39m [2m:[0;39m Application registered itself as 760f376c4e86
[2m2021-01-20 10:08:30.273[0;39m [32m INFO[0;39m [35m14064[0;39m [2m---[0;39m [2m[nio-8002-exec-1][0;39m [36mo.a.c.c.C.[.[.[/client-server]          [0;39m [2m:[0;39m Initializing Spring DispatcherServlet 'dispatcherServlet'
[2m2021-01-20 10:08:30.273[0;39m [32m INFO[0;39m [35m14064[0;39m [2m---[0;39m [2m[nio-8002-exec-1][0;39m [36mo.s.web.servlet.DispatcherServlet       [0;39m [2m:[0;39m Initializing Servlet 'dispatcherServlet'
[2m2021-01-20 10:08:30.274[0;39m [32m INFO[0;39m [35m14064[0;39m [2m---[0;39m [2m[nio-8002-exec-1][0;39m [36mo.s.web.servlet.DispatcherServlet       [0;39m [2m:[0;39m Completed initialization in 1 ms
[2m2021-01-20 10:09:07.117[0;39m [32m INFO[0;39m [35m14064[0;39m [2m---[0;39m [2m[nio-8002-exec-5][0;39m [36mi.g.j.c.controller.HelloController      [0;39m [2m:[0;39m 这是一个样例
[2m2021-01-20 10:10:07.331[0;39m [32m INFO[0;39m [35m9816[0;39m [2m---[0;39m [2m[           main][0;39m [36mi.g.j.c.ClientServerApplication         [0;39m [2m:[0;39m Starting ClientServerApplication using Java 15.0.1 on CHT020003 with PID 9816 (D:\IdeaProjects\spring-admin-demo\client-server\target\classes started by jone.sun in D:\IdeaProjects\spring-admin-demo)
[2m2021-01-20 10:10:07.333[0;39m [32m INFO[0;39m [35m9816[0;39m [2m---[0;39m [2m[           main][0;39m [36mi.g.j.c.ClientServerApplication         [0;39m [2m:[0;39m No active profile set, falling back to default profiles: default
[2m2021-01-20 10:10:08.039[0;39m [32m INFO[0;39m [35m9816[0;39m [2m---[0;39m [2m[           main][0;39m [36mo.s.b.w.embedded.tomcat.TomcatWebServer [0;39m [2m:[0;39m Tomcat initialized with port(s): 8002 (http)
[2m2021-01-20 10:10:08.045[0;39m [32m INFO[0;39m [35m9816[0;39m [2m---[0;39m [2m[           main][0;39m [36mo.apache.catalina.core.StandardService  [0;39m [2m:[0;39m Starting service [Tomcat]
[2m2021-01-20 10:10:08.045[0;39m [32m INFO[0;39m [35m9816[0;39m [2m---[0;39m [2m[           main][0;39m [36morg.apache.catalina.core.StandardEngine [0;39m [2m:[0;39m Starting Servlet engine: [Apache Tomcat/9.0.41]
[2m2021-01-20 10:10:08.102[0;39m [32m INFO[0;39m [35m9816[0;39m [2m---[0;39m [2m[           main][0;39m [36mo.a.c.c.C.[.[.[/client-server]          [0;39m [2m:[0;39m Initializing Spring embedded WebApplicationContext
[2m2021-01-20 10:10:08.103[0;39m [32m INFO[0;39m [35m9816[0;39m [2m---[0;39m [2m[           main][0;39m [36mw.s.c.ServletWebServerApplicationContext[0;39m [2m:[0;39m Root WebApplicationContext: initialization completed in 729 ms
[2m2021-01-20 10:10:08.255[0;39m [32m INFO[0;39m [35m9816[0;39m [2m---[0;39m [2m[           main][0;39m [36mo.s.s.concurrent.ThreadPoolTaskExecutor [0;39m [2m:[0;39m Initializing ExecutorService 'applicationTaskExecutor'
[2m2021-01-20 10:10:08.417[0;39m [32m INFO[0;39m [35m9816[0;39m [2m---[0;39m [2m[           main][0;39m [36mo.s.s.c.ThreadPoolTaskScheduler         [0;39m [2m:[0;39m Initializing ExecutorService
[2m2021-01-20 10:10:08.449[0;39m [32m INFO[0;39m [35m9816[0;39m [2m---[0;39m [2m[           main][0;39m [36mo.s.b.a.e.web.EndpointLinksResolver     [0;39m [2m:[0;39m Exposing 12 endpoint(s) beneath base path '/actuator'
[2m2021-01-20 10:10:08.493[0;39m [32m INFO[0;39m [35m9816[0;39m [2m---[0;39m [2m[           main][0;39m [36mo.s.b.w.embedded.tomcat.TomcatWebServer [0;39m [2m:[0;39m Tomcat started on port(s): 8002 (http) with context path '/client-server'
[2m2021-01-20 10:10:08.504[0;39m [32m INFO[0;39m [35m9816[0;39m [2m---[0;39m [2m[           main][0;39m [36mi.g.j.c.ClientServerApplication         [0;39m [2m:[0;39m Started ClientServerApplication in 1.535 seconds (JVM running for 2.037)
[2m2021-01-20 10:10:08.665[0;39m [32m INFO[0;39m [35m9816[0;39m [2m---[0;39m [2m[gistrationTask1][0;39m [36md.c.b.a.c.r.ApplicationRegistrator      [0;39m [2m:[0;39m Application registered itself as 760f376c4e86
[2m2021-01-20 10:10:08.679[0;39m [32m INFO[0;39m [35m9816[0;39m [2m---[0;39m [2m[nio-8002-exec-3][0;39m [36mo.a.c.c.C.[.[.[/client-server]          [0;39m [2m:[0;39m Initializing Spring DispatcherServlet 'dispatcherServlet'
[2m2021-01-20 10:10:08.680[0;39m [32m INFO[0;39m [35m9816[0;39m [2m---[0;39m [2m[nio-8002-exec-3][0;39m [36mo.s.web.servlet.DispatcherServlet       [0;39m [2m:[0;39m Initializing Servlet 'dispatcherServlet'
[2m2021-01-20 10:10:08.680[0;39m [32m INFO[0;39m [35m9816[0;39m [2m---[0;39m [2m[nio-8002-exec-3][0;39m [36mo.s.web.servlet.DispatcherServlet       [0;39m [2m:[0;39m Completed initialization in 0 ms
[2m2021-01-20 10:11:06.847[0;39m [32m INFO[0;39m [35m9816[0;39m [2m---[0;39m [2m[nio-8002-exec-2][0;39m [36mi.g.j.c.controller.HelloController      [0;39m [2m:[0;39m 这是一个样例
[2m2021-01-20 10:11:06.848[0;39m [31mERROR[0;39m [35m9816[0;39m [2m---[0;39m [2m[nio-8002-exec-2][0;39m [36mi.g.j.c.controller.HelloController      [0;39m [2m:[0;39m 这是一个样例
[2m2021-01-20 10:11:19.975[0;39m [31mERROR[0;39m [35m9816[0;39m [2m---[0;39m [2m[nio-8002-exec-3][0;39m [36mi.g.j.c.controller.HelloController      [0;39m [2m:[0;39m 这是一个样例
[2m2021-01-20 10:12:00.044[0;39m [31mERROR[0;39m [35m9816[0;39m [2m---[0;39m [2m[nio-8002-exec-5][0;39m [36mi.g.j.c.controller.HelloController      [0;39m [2m:[0;39m 这是一个样例
[2m2021-01-20 10:12:25.724[0;39m [32m INFO[0;39m [35m9816[0;39m [2m---[0;39m [2m[nio-8002-exec-7][0;39m [36mi.g.j.c.controller.HelloController      [0;39m [2m:[0;39m 这是一个样例
[2m2021-01-20 10:12:25.725[0;39m [31mERROR[0;39m [35m9816[0;39m [2m---[0;39m [2m[nio-8002-exec-7][0;39m [36mi.g.j.c.controller.HelloController      [0;39m [2m:[0;39m 这是一个样例
[2m2021-01-20 10:28:19.852[0;39m [32m INFO[0;39m [35m152[0;39m [2m---[0;39m [2m[           main][0;39m [36mi.g.j.c.ClientServerApplication         [0;39m [2m:[0;39m Starting ClientServerApplication using Java 15.0.1 on CHT020003 with PID 152 (D:\IdeaProjects\spring-admin-demo\client-server\target\classes started by jone.sun in D:\IdeaProjects\spring-admin-demo)
[2m2021-01-20 10:28:19.854[0;39m [32m INFO[0;39m [35m152[0;39m [2m---[0;39m [2m[           main][0;39m [36mi.g.j.c.ClientServerApplication         [0;39m [2m:[0;39m No active profile set, falling back to default profiles: default
[2m2021-01-20 10:28:20.541[0;39m [32m INFO[0;39m [35m152[0;39m [2m---[0;39m [2m[           main][0;39m [36mo.s.b.w.embedded.tomcat.TomcatWebServer [0;39m [2m:[0;39m Tomcat initialized with port(s): 8002 (http)
[2m2021-01-20 10:28:20.547[0;39m [32m INFO[0;39m [35m152[0;39m [2m---[0;39m [2m[           main][0;39m [36mo.apache.catalina.core.StandardService  [0;39m [2m:[0;39m Starting service [Tomcat]
[2m2021-01-20 10:28:20.547[0;39m [32m INFO[0;39m [35m152[0;39m [2m---[0;39m [2m[           main][0;39m [36morg.apache.catalina.core.StandardEngine [0;39m [2m:[0;39m Starting Servlet engine: [Apache Tomcat/9.0.41]
[2m2021-01-20 10:28:20.600[0;39m [32m INFO[0;39m [35m152[0;39m [2m---[0;39m [2m[           main][0;39m [36mo.a.c.c.C.[.[.[/client-server]          [0;39m [2m:[0;39m Initializing Spring embedded WebApplicationContext
[2m2021-01-20 10:28:20.601[0;39m [32m INFO[0;39m [35m152[0;39m [2m---[0;39m [2m[           main][0;39m [36mw.s.c.ServletWebServerApplicationContext[0;39m [2m:[0;39m Root WebApplicationContext: initialization completed in 715 ms
[2m2021-01-20 10:28:20.774[0;39m [32m INFO[0;39m [35m152[0;39m [2m---[0;39m [2m[           main][0;39m [36mo.s.s.concurrent.ThreadPoolTaskExecutor [0;39m [2m:[0;39m Initializing ExecutorService 'applicationTaskExecutor'
[2m2021-01-20 10:28:20.931[0;39m [32m INFO[0;39m [35m152[0;39m [2m---[0;39m [2m[           main][0;39m [36mo.s.s.c.ThreadPoolTaskScheduler         [0;39m [2m:[0;39m Initializing ExecutorService
[2m2021-01-20 10:28:20.962[0;39m [32m INFO[0;39m [35m152[0;39m [2m---[0;39m [2m[           main][0;39m [36mo.s.b.a.e.web.EndpointLinksResolver     [0;39m [2m:[0;39m Exposing 14 endpoint(s) beneath base path '/actuator'
[2m2021-01-20 10:28:21.005[0;39m [32m INFO[0;39m [35m152[0;39m [2m---[0;39m [2m[           main][0;39m [36mo.s.b.w.embedded.tomcat.TomcatWebServer [0;39m [2m:[0;39m Tomcat started on port(s): 8002 (http) with context path '/client-server'
[2m2021-01-20 10:28:21.016[0;39m [32m INFO[0;39m [35m152[0;39m [2m---[0;39m [2m[           main][0;39m [36mi.g.j.c.ClientServerApplication         [0;39m [2m:[0;39m Started ClientServerApplication in 1.424 seconds (JVM running for 1.884)
[2m2021-01-20 10:28:21.156[0;39m [32m INFO[0;39m [35m152[0;39m [2m---[0;39m [2m[gistrationTask1][0;39m [36md.c.b.a.c.r.ApplicationRegistrator      [0;39m [2m:[0;39m Application registered itself as 760f376c4e86
[2m2021-01-20 10:28:21.175[0;39m [32m INFO[0;39m [35m152[0;39m [2m---[0;39m [2m[nio-8002-exec-2][0;39m [36mo.a.c.c.C.[.[.[/client-server]          [0;39m [2m:[0;39m Initializing Spring DispatcherServlet 'dispatcherServlet'
[2m2021-01-20 10:28:21.175[0;39m [32m INFO[0;39m [35m152[0;39m [2m---[0;39m [2m[nio-8002-exec-2][0;39m [36mo.s.web.servlet.DispatcherServlet       [0;39m [2m:[0;39m Initializing Servlet 'dispatcherServlet'
[2m2021-01-20 10:28:21.176[0;39m [32m INFO[0;39m [35m152[0;39m [2m---[0;39m [2m[nio-8002-exec-2][0;39m [36mo.s.web.servlet.DispatcherServlet       [0;39m [2m:[0;39m Completed initialization in 1 ms
[2m2021-01-20 10:31:43.816[0;39m [32m INFO[0;39m [35m5316[0;39m [2m---[0;39m [2m[           main][0;39m [36mi.g.j.c.ClientServerApplication         [0;39m [2m:[0;39m Starting ClientServerApplication using Java 15.0.1 on CHT020003 with PID 5316 (D:\IdeaProjects\spring-admin-demo\client-server\target\classes started by jone.sun in D:\IdeaProjects\spring-admin-demo)
[2m2021-01-20 10:31:43.817[0;39m [32m INFO[0;39m [35m5316[0;39m [2m---[0;39m [2m[           main][0;39m [36mi.g.j.c.ClientServerApplication         [0;39m [2m:[0;39m No active profile set, falling back to default profiles: default
[2m2021-01-20 10:31:44.488[0;39m [32m INFO[0;39m [35m5316[0;39m [2m---[0;39m [2m[           main][0;39m [36mo.s.b.w.embedded.tomcat.TomcatWebServer [0;39m [2m:[0;39m Tomcat initialized with port(s): 8002 (http)
[2m2021-01-20 10:31:44.494[0;39m [32m INFO[0;39m [35m5316[0;39m [2m---[0;39m [2m[           main][0;39m [36mo.apache.catalina.core.StandardService  [0;39m [2m:[0;39m Starting service [Tomcat]
[2m2021-01-20 10:31:44.494[0;39m [32m INFO[0;39m [35m5316[0;39m [2m---[0;39m [2m[           main][0;39m [36morg.apache.catalina.core.StandardEngine [0;39m [2m:[0;39m Starting Servlet engine: [Apache Tomcat/9.0.41]
[2m2021-01-20 10:31:44.547[0;39m [32m INFO[0;39m [35m5316[0;39m [2m---[0;39m [2m[           main][0;39m [36mo.a.c.c.C.[.[.[/client-server]          [0;39m [2m:[0;39m Initializing Spring embedded WebApplicationContext
[2m2021-01-20 10:31:44.547[0;39m [32m INFO[0;39m [35m5316[0;39m [2m---[0;39m [2m[           main][0;39m [36mw.s.c.ServletWebServerApplicationContext[0;39m [2m:[0;39m Root WebApplicationContext: initialization completed in 701 ms
[2m2021-01-20 10:31:44.708[0;39m [32m INFO[0;39m [35m5316[0;39m [2m---[0;39m [2m[           main][0;39m [36mo.s.s.concurrent.ThreadPoolTaskExecutor [0;39m [2m:[0;39m Initializing ExecutorService 'applicationTaskExecutor'
[2m2021-01-20 10:31:44.864[0;39m [32m INFO[0;39m [35m5316[0;39m [2m---[0;39m [2m[           main][0;39m [36mo.s.s.c.ThreadPoolTaskScheduler         [0;39m [2m:[0;39m Initializing ExecutorService
[2m2021-01-20 10:31:44.894[0;39m [32m INFO[0;39m [35m5316[0;39m [2m---[0;39m [2m[           main][0;39m [36mo.s.b.a.e.web.EndpointLinksResolver     [0;39m [2m:[0;39m Exposing 12 endpoint(s) beneath base path '/actuator'
[2m2021-01-20 10:31:44.936[0;39m [32m INFO[0;39m [35m5316[0;39m [2m---[0;39m [2m[           main][0;39m [36mo.s.b.w.embedded.tomcat.TomcatWebServer [0;39m [2m:[0;39m Tomcat started on port(s): 8002 (http) with context path '/client-server'
[2m2021-01-20 10:31:44.946[0;39m [32m INFO[0;39m [35m5316[0;39m [2m---[0;39m [2m[           main][0;39m [36mi.g.j.c.ClientServerApplication         [0;39m [2m:[0;39m Started ClientServerApplication in 1.4 seconds (JVM running for 1.898)
[2m2021-01-20 10:31:45.088[0;39m [32m INFO[0;39m [35m5316[0;39m [2m---[0;39m [2m[gistrationTask1][0;39m [36md.c.b.a.c.r.ApplicationRegistrator      [0;39m [2m:[0;39m Application registered itself as 760f376c4e86
[2m2021-01-20 10:31:45.108[0;39m [32m INFO[0;39m [35m5316[0;39m [2m---[0;39m [2m[nio-8002-exec-3][0;39m [36mo.a.c.c.C.[.[.[/client-server]          [0;39m [2m:[0;39m Initializing Spring DispatcherServlet 'dispatcherServlet'
[2m2021-01-20 10:31:45.108[0;39m [32m INFO[0;39m [35m5316[0;39m [2m---[0;39m [2m[nio-8002-exec-3][0;39m [36mo.s.web.servlet.DispatcherServlet       [0;39m [2m:[0;39m Initializing Servlet 'dispatcherServlet'
[2m2021-01-20 10:31:45.109[0;39m [32m INFO[0;39m [35m5316[0;39m [2m---[0;39m [2m[nio-8002-exec-3][0;39m [36mo.s.web.servlet.DispatcherServlet       [0;39m [2m:[0;39m Completed initialization in 1 ms
[2m2021-01-20 11:23:05.209[0;39m [32m INFO[0;39m [35m20500[0;39m [2m---[0;39m [2m[           main][0;39m [36mi.g.j.c.ClientServerApplication         [0;39m [2m:[0;39m Starting ClientServerApplication using Java 15.0.1 on CHT020003 with PID 20500 (D:\IdeaProjects\spring-admin-demo\client-server\target\classes started by jone.sun in D:\IdeaProjects\spring-admin-demo)
[2m2021-01-20 11:23:05.211[0;39m [32m INFO[0;39m [35m20500[0;39m [2m---[0;39m [2m[           main][0;39m [36mi.g.j.c.ClientServerApplication         [0;39m [2m:[0;39m No active profile set, falling back to default profiles: default
[2m2021-01-20 11:23:05.900[0;39m [32m INFO[0;39m [35m20500[0;39m [2m---[0;39m [2m[           main][0;39m [36mo.s.b.w.embedded.tomcat.TomcatWebServer [0;39m [2m:[0;39m Tomcat initialized with port(s): 8002 (http)
[2m2021-01-20 11:23:05.906[0;39m [32m INFO[0;39m [35m20500[0;39m [2m---[0;39m [2m[           main][0;39m [36mo.apache.catalina.core.StandardService  [0;39m [2m:[0;39m Starting service [Tomcat]
[2m2021-01-20 11:23:05.906[0;39m [32m INFO[0;39m [35m20500[0;39m [2m---[0;39m [2m[           main][0;39m [36morg.apache.catalina.core.StandardEngine [0;39m [2m:[0;39m Starting Servlet engine: [Apache Tomcat/9.0.41]
[2m2021-01-20 11:23:05.957[0;39m [32m INFO[0;39m [35m20500[0;39m [2m---[0;39m [2m[           main][0;39m [36mo.a.c.c.C.[.[.[/client-server]          [0;39m [2m:[0;39m Initializing Spring embedded WebApplicationContext
[2m2021-01-20 11:23:05.957[0;39m [32m INFO[0;39m [35m20500[0;39m [2m---[0;39m [2m[           main][0;39m [36mw.s.c.ServletWebServerApplicationContext[0;39m [2m:[0;39m Root WebApplicationContext: initialization completed in 718 ms
[2m2021-01-20 11:23:06.122[0;39m [32m INFO[0;39m [35m20500[0;39m [2m---[0;39m [2m[           main][0;39m [36mo.s.s.concurrent.ThreadPoolTaskExecutor [0;39m [2m:[0;39m Initializing ExecutorService 'applicationTaskExecutor'
[2m2021-01-20 11:23:06.294[0;39m [32m INFO[0;39m [35m20500[0;39m [2m---[0;39m [2m[           main][0;39m [36mo.s.s.c.ThreadPoolTaskScheduler         [0;39m [2m:[0;39m Initializing ExecutorService
[2m2021-01-20 11:23:06.329[0;39m [32m INFO[0;39m [35m20500[0;39m [2m---[0;39m [2m[           main][0;39m [36mo.s.b.a.e.web.EndpointLinksResolver     [0;39m [2m:[0;39m Exposing 12 endpoint(s) beneath base path '/actuator'
[2m2021-01-20 11:23:06.376[0;39m [32m INFO[0;39m [35m20500[0;39m [2m---[0;39m [2m[           main][0;39m [36mo.s.b.w.embedded.tomcat.TomcatWebServer [0;39m [2m:[0;39m Tomcat started on port(s): 8002 (http) with context path '/client-server'
[2m2021-01-20 11:23:06.388[0;39m [32m INFO[0;39m [35m20500[0;39m [2m---[0;39m [2m[           main][0;39m [36mi.g.j.c.ClientServerApplication         [0;39m [2m:[0;39m Started ClientServerApplication in 1.442 seconds (JVM running for 1.909)
[2m2021-01-20 11:23:06.517[0;39m [32m INFO[0;39m [35m20500[0;39m [2m---[0;39m [2m[gistrationTask1][0;39m [36md.c.b.a.c.r.ApplicationRegistrator      [0;39m [2m:[0;39m Application registered itself as 760f376c4e86
[2m2021-01-20 11:23:06.537[0;39m [32m INFO[0;39m [35m20500[0;39m [2m---[0;39m [2m[nio-8002-exec-1][0;39m [36mo.a.c.c.C.[.[.[/client-server]          [0;39m [2m:[0;39m Initializing Spring DispatcherServlet 'dispatcherServlet'
[2m2021-01-20 11:23:06.537[0;39m [32m INFO[0;39m [35m20500[0;39m [2m---[0;39m [2m[nio-8002-exec-1][0;39m [36mo.s.web.servlet.DispatcherServlet       [0;39m [2m:[0;39m Initializing Servlet 'dispatcherServlet'
[2m2021-01-20 11:23:06.538[0;39m [32m INFO[0;39m [35m20500[0;39m [2m---[0;39m [2m[nio-8002-exec-1][0;39m [36mo.s.web.servlet.DispatcherServlet       [0;39m [2m:[0;39m Completed initialization in 1 ms
[2m2021-01-20 11:23:21.811[0;39m [32m INFO[0;39m [35m20500[0;39m [2m---[0;39m [2m[nio-8002-exec-4][0;39m [36mi.g.j.c.controller.HelloController      [0;39m [2m:[0;39m 这是一个样例
[2m2021-01-20 11:23:21.811[0;39m [31mERROR[0;39m [35m20500[0;39m [2m---[0;39m [2m[nio-8002-exec-4][0;39m [36mi.g.j.c.controller.HelloController      [0;39m [2m:[0;39m 这是一个样例
